<?xml version="1.0" encoding="UTF-8"?>
<!-- Generated by org.testng.reporters.JUnitXMLReporter -->
<testsuite hostname="LAPTOP-VERJL3NI" ignored="2" name="Default test" tests="1" failures="0" timestamp="19 May 2020 22:03:42 GMT" time="13.535" errors="0">
  <testcase name="loginTest" time="5.928" classname="TestNGSessions.LoginPageTest"/>
  <testcase name="verifySignUpLinkTest" time="0.0" classname="TestNGSessions.LoginPageTest">
    <ignored/>
  </testcase> <!-- verifySignUpLinkTest -->
  <testcase name="verifyLoginPageTitleTest" time="0.0" classname="TestNGSessions.LoginPageTest">
    <ignored/>
  </testcase> <!-- verifyLoginPageTitleTest -->
</testsuite> <!-- Default test -->
