<?xml version="1.0" encoding="UTF-8"?>
<!-- Generated by org.testng.reporters.JUnitXMLReporter -->
<testsuite hostname="LAPTOP-VERJL3NI" ignored="0" name="hubspot functional  test" tests="3" failures="0" timestamp="21 May 2020 21:54:59 GMT" time="24.944" errors="0">
  <testcase name="verifySignUpLinkTest" time="5.769" classname="TestNGSessions.LoginPageTest"/>
  <testcase name="verifyLoginPageTitleTest" time="0.024" classname="TestNGSessions.LoginPageTest"/>
  <testcase name="loginTest" time="0.954" classname="TestNGSessions.LoginPageTest"/>
</testsuite> <!-- hubspot functional  test -->
